  🚀 Huffman Coding Compression System.cpp
E:\BSE-3A\DSA Lab\🚀 Huffman Coding Compression System\🚀 Huffman Coding Compression System\🚀 Huffman Coding Compression System.cpp(114,21): warning C4566: character represented by universal-character-name '\u274C' cannot be represented in the current code page (1252)
E:\BSE-3A\DSA Lab\🚀 Huffman Coding Compression System\🚀 Huffman Coding Compression System\🚀 Huffman Coding Compression System.cpp(124,13): warning C4566: character represented by universal-character-name '\U0001F680' cannot be represented in the current code page (1252)
E:\BSE-3A\DSA Lab\🚀 Huffman Coding Compression System\🚀 Huffman Coding Compression System\🚀 Huffman Coding Compression System.cpp(126,13): warning C4566: character represented by universal-character-name '\uFE0F' cannot be represented in the current code page (1252)
E:\BSE-3A\DSA Lab\🚀 Huffman Coding Compression System\🚀 Huffman Coding Compression System\🚀 Huffman Coding Compression System.cpp(126,13): warning C4566: character represented by universal-character-name '\u20E3' cannot be represented in the current code page (1252)
E:\BSE-3A\DSA Lab\🚀 Huffman Coding Compression System\🚀 Huffman Coding Compression System\🚀 Huffman Coding Compression System.cpp(127,13): warning C4566: character represented by universal-character-name '\uFE0F' cannot be represented in the current code page (1252)
E:\BSE-3A\DSA Lab\🚀 Huffman Coding Compression System\🚀 Huffman Coding Compression System\🚀 Huffman Coding Compression System.cpp(127,13): warning C4566: character represented by universal-character-name '\u20E3' cannot be represented in the current code page (1252)
E:\BSE-3A\DSA Lab\🚀 Huffman Coding Compression System\🚀 Huffman Coding Compression System\🚀 Huffman Coding Compression System.cpp(128,13): warning C4566: character represented by universal-character-name '\uFE0F' cannot be represented in the current code page (1252)
E:\BSE-3A\DSA Lab\🚀 Huffman Coding Compression System\🚀 Huffman Coding Compression System\🚀 Huffman Coding Compression System.cpp(128,13): warning C4566: character represented by universal-character-name '\u20E3' cannot be represented in the current code page (1252)
E:\BSE-3A\DSA Lab\🚀 Huffman Coding Compression System\🚀 Huffman Coding Compression System\🚀 Huffman Coding Compression System.cpp(129,13): warning C4566: character represented by universal-character-name '\uFE0F' cannot be represented in the current code page (1252)
E:\BSE-3A\DSA Lab\🚀 Huffman Coding Compression System\🚀 Huffman Coding Compression System\🚀 Huffman Coding Compression System.cpp(129,13): warning C4566: character represented by universal-character-name '\u20E3' cannot be represented in the current code page (1252)
E:\BSE-3A\DSA Lab\🚀 Huffman Coding Compression System\🚀 Huffman Coding Compression System\🚀 Huffman Coding Compression System.cpp(145,21): warning C4566: character represented by universal-character-name '\U0001F539' cannot be represented in the current code page (1252)
E:\BSE-3A\DSA Lab\🚀 Huffman Coding Compression System\🚀 Huffman Coding Compression System\🚀 Huffman Coding Compression System.cpp(150,25): warning C4566: character represented by universal-character-name '\u274C' cannot be represented in the current code page (1252)
E:\BSE-3A\DSA Lab\🚀 Huffman Coding Compression System\🚀 Huffman Coding Compression System\🚀 Huffman Coding Compression System.cpp(158,21): warning C4566: character represented by universal-character-name '\u2705' cannot be represented in the current code page (1252)
E:\BSE-3A\DSA Lab\🚀 Huffman Coding Compression System\🚀 Huffman Coding Compression System\🚀 Huffman Coding Compression System.cpp(159,21): warning C4566: character represented by universal-character-name '\U0001F4C4' cannot be represented in the current code page (1252)
E:\BSE-3A\DSA Lab\🚀 Huffman Coding Compression System\🚀 Huffman Coding Compression System\🚀 Huffman Coding Compression System.cpp(160,21): warning C4566: character represented by universal-character-name '\U0001F522' cannot be represented in the current code page (1252)
E:\BSE-3A\DSA Lab\🚀 Huffman Coding Compression System\🚀 Huffman Coding Compression System\🚀 Huffman Coding Compression System.cpp(166,25): warning C4566: character represented by universal-character-name '\u274C' cannot be represented in the current code page (1252)
E:\BSE-3A\DSA Lab\🚀 Huffman Coding Compression System\🚀 Huffman Coding Compression System\🚀 Huffman Coding Compression System.cpp(170,21): warning C4566: character represented by universal-character-name '\U0001F4CC' cannot be represented in the current code page (1252)
E:\BSE-3A\DSA Lab\🚀 Huffman Coding Compression System\🚀 Huffman Coding Compression System\🚀 Huffman Coding Compression System.cpp(181,25): warning C4566: character represented by universal-character-name '\u274C' cannot be represented in the current code page (1252)
E:\BSE-3A\DSA Lab\🚀 Huffman Coding Compression System\🚀 Huffman Coding Compression System\🚀 Huffman Coding Compression System.cpp(187,21): warning C4566: character represented by universal-character-name '\U0001F50D' cannot be represented in the current code page (1252)
E:\BSE-3A\DSA Lab\🚀 Huffman Coding Compression System\🚀 Huffman Coding Compression System\🚀 Huffman Coding Compression System.cpp(189,25): warning C4566: character represented by universal-character-name '\u2705' cannot be represented in the current code page (1252)
E:\BSE-3A\DSA Lab\🚀 Huffman Coding Compression System\🚀 Huffman Coding Compression System\🚀 Huffman Coding Compression System.cpp(192,25): warning C4566: character represented by universal-character-name '\u26A0' cannot be represented in the current code page (1252)
E:\BSE-3A\DSA Lab\🚀 Huffman Coding Compression System\🚀 Huffman Coding Compression System\🚀 Huffman Coding Compression System.cpp(192,25): warning C4566: character represented by universal-character-name '\uFE0F' cannot be represented in the current code page (1252)
E:\BSE-3A\DSA Lab\🚀 Huffman Coding Compression System\🚀 Huffman Coding Compression System\🚀 Huffman Coding Compression System.cpp(198,21): warning C4566: character represented by universal-character-name '\U0001F51A' cannot be represented in the current code page (1252)
E:\BSE-3A\DSA Lab\🚀 Huffman Coding Compression System\🚀 Huffman Coding Compression System\🚀 Huffman Coding Compression System.cpp(198,21): warning C4566: character represented by universal-character-name '\U0001F680' cannot be represented in the current code page (1252)
E:\BSE-3A\DSA Lab\🚀 Huffman Coding Compression System\🚀 Huffman Coding Compression System\🚀 Huffman Coding Compression System.cpp(202,21): warning C4566: character represented by universal-character-name '\u274C' cannot be represented in the current code page (1252)
  🚀 Huffman Coding Compression System.vcxproj -> E:\BSE-3A\DSA Lab\🚀 Huffman Coding Compression System\x64\Debug\🚀 Huffman Coding Compression System.exe
